2024/09/27 03:33:57 [error] [exception.CHttpException.404] CHttpException: Unable to resolve the request "gii". in C:\xampp\htdocs\waithub\waithub-test1\framework\web\CWebApplication.php:286
Stack trace:
#0 C:\xampp\htdocs\waithub\waithub-test1\framework\web\CWebApplication.php(141): CWebApplication->runController('gii')
#1 C:\xampp\htdocs\waithub\waithub-test1\framework\base\CApplication.php(185): CWebApplication->processRequest()
#2 C:\xampp\htdocs\waithub\yiiapp\index.php(13): CApplication->run()
#3 {main}
REQUEST_URI=/waithub/yiiapp/index.php?r=gii
---
2024/09/27 03:54:01 [error] [exception.CHttpException.404] CHttpException: The system is unable to find the requested action "auth". in C:\xampp\htdocs\waithub\waithub-test1\framework\web\CController.php:486
Stack trace:
#0 C:\xampp\htdocs\waithub\waithub-test1\framework\web\CController.php(270): CController->missingAction('auth')
#1 C:\xampp\htdocs\waithub\waithub-test1\framework\web\CWebApplication.php(282): CController->run('auth')
#2 C:\xampp\htdocs\waithub\waithub-test1\framework\web\CWebApplication.php(141): CWebApplication->runController('site/auth/login')
#3 C:\xampp\htdocs\waithub\waithub-test1\framework\base\CApplication.php(185): CWebApplication->processRequest()
#4 C:\xampp\htdocs\waithub\yiiapp\index.php(13): CApplication->run()
#5 {main}
REQUEST_URI=/waithub/yiiapp/index.php?r=site/auth/login
---
2024/09/27 04:12:00 [error] [exception.CException] CException: AuthController cannot find the requested view "register". in C:\xampp\htdocs\waithub\waithub-test1\framework\web\CController.php:881
Stack trace:
#0 C:\xampp\htdocs\waithub\waithub-test1\framework\web\CController.php(785): CController->renderPartial('register', Array, true)
#1 C:\xampp\htdocs\waithub\yiiapp\protected\controllers\AuthController.php(15): CController->render('register', Array)
#2 C:\xampp\htdocs\waithub\waithub-test1\framework\web\actions\CInlineAction.php(49): AuthController->actionRegister()
#3 C:\xampp\htdocs\waithub\waithub-test1\framework\web\CController.php(308): CInlineAction->runWithParams(Array)
#4 C:\xampp\htdocs\waithub\waithub-test1\framework\web\CController.php(286): CController->runAction(Object(CInlineAction))
#5 C:\xampp\htdocs\waithub\waithub-test1\framework\web\CController.php(265): CController->runActionWithFilters(Object(CInlineAction), Array)
#6 C:\xampp\htdocs\waithub\waithub-test1\framework\web\CWebApplication.php(282): CController->run('register')
#7 C:\xampp\htdocs\waithub\waithub-test1\framework\web\CWebApplication.php(141): CWebApplication->runController('auth/register')
#8 C:\xampp\htdocs\waithub\waithub-test1\framework\base\CApplication.php(185): CWebApplication->processRequest()
#9 C:\xampp\htdocs\waithub\yiiapp\index.php(13): CApplication->run()
#10 {main}
REQUEST_URI=/waithub/yiiapp/index.php/auth/register
---
2024/09/27 04:12:31 [error] [exception.CException] CException: AuthController cannot find the requested view "login". in C:\xampp\htdocs\waithub\waithub-test1\framework\web\CController.php:881
Stack trace:
#0 C:\xampp\htdocs\waithub\waithub-test1\framework\web\CController.php(785): CController->renderPartial('login', Array, true)
#1 C:\xampp\htdocs\waithub\yiiapp\protected\controllers\AuthController.php(29): CController->render('login', Array)
#2 C:\xampp\htdocs\waithub\waithub-test1\framework\web\actions\CInlineAction.php(49): AuthController->actionLogin()
#3 C:\xampp\htdocs\waithub\waithub-test1\framework\web\CController.php(308): CInlineAction->runWithParams(Array)
#4 C:\xampp\htdocs\waithub\waithub-test1\framework\web\CController.php(286): CController->runAction(Object(CInlineAction))
#5 C:\xampp\htdocs\waithub\waithub-test1\framework\web\CController.php(265): CController->runActionWithFilters(Object(CInlineAction), Array)
#6 C:\xampp\htdocs\waithub\waithub-test1\framework\web\CWebApplication.php(282): CController->run('login')
#7 C:\xampp\htdocs\waithub\waithub-test1\framework\web\CWebApplication.php(141): CWebApplication->runController('auth/login')
#8 C:\xampp\htdocs\waithub\waithub-test1\framework\base\CApplication.php(185): CWebApplication->processRequest()
#9 C:\xampp\htdocs\waithub\yiiapp\index.php(13): CApplication->run()
#10 {main}
REQUEST_URI=/waithub/yiiapp/index.php/auth/login
---
2024/09/27 04:18:26 [error] [exception.CException] CException: AuthController cannot find the requested view "register". in C:\xampp\htdocs\waithub\waithub-test1\framework\web\CController.php:881
Stack trace:
#0 C:\xampp\htdocs\waithub\waithub-test1\framework\web\CController.php(785): CController->renderPartial('register', Array, true)
#1 C:\xampp\htdocs\waithub\yiiapp\protected\controllers\AuthController.php(15): CController->render('register', Array)
#2 C:\xampp\htdocs\waithub\waithub-test1\framework\web\actions\CInlineAction.php(49): AuthController->actionRegister()
#3 C:\xampp\htdocs\waithub\waithub-test1\framework\web\CController.php(308): CInlineAction->runWithParams(Array)
#4 C:\xampp\htdocs\waithub\waithub-test1\framework\web\CController.php(286): CController->runAction(Object(CInlineAction))
#5 C:\xampp\htdocs\waithub\waithub-test1\framework\web\CController.php(265): CController->runActionWithFilters(Object(CInlineAction), Array)
#6 C:\xampp\htdocs\waithub\waithub-test1\framework\web\CWebApplication.php(282): CController->run('register')
#7 C:\xampp\htdocs\waithub\waithub-test1\framework\web\CWebApplication.php(141): CWebApplication->runController('auth/register')
#8 C:\xampp\htdocs\waithub\waithub-test1\framework\base\CApplication.php(185): CWebApplication->processRequest()
#9 C:\xampp\htdocs\waithub\yiiapp\index.php(13): CApplication->run()
#10 {main}
REQUEST_URI=/waithub/yiiapp/index.php/auth/register
---
2024/09/27 04:19:17 [error] [exception.CException] CException: AuthController cannot find the requested view "register". in C:\xampp\htdocs\waithub\waithub-test1\framework\web\CController.php:881
Stack trace:
#0 C:\xampp\htdocs\waithub\waithub-test1\framework\web\CController.php(785): CController->renderPartial('register', Array, true)
#1 C:\xampp\htdocs\waithub\yiiapp\protected\controllers\AuthController.php(15): CController->render('register', Array)
#2 C:\xampp\htdocs\waithub\waithub-test1\framework\web\actions\CInlineAction.php(49): AuthController->actionRegister()
#3 C:\xampp\htdocs\waithub\waithub-test1\framework\web\CController.php(308): CInlineAction->runWithParams(Array)
#4 C:\xampp\htdocs\waithub\waithub-test1\framework\web\CController.php(286): CController->runAction(Object(CInlineAction))
#5 C:\xampp\htdocs\waithub\waithub-test1\framework\web\CController.php(265): CController->runActionWithFilters(Object(CInlineAction), Array)
#6 C:\xampp\htdocs\waithub\waithub-test1\framework\web\CWebApplication.php(282): CController->run('register')
#7 C:\xampp\htdocs\waithub\waithub-test1\framework\web\CWebApplication.php(141): CWebApplication->runController('auth/register')
#8 C:\xampp\htdocs\waithub\waithub-test1\framework\base\CApplication.php(185): CWebApplication->processRequest()
#9 C:\xampp\htdocs\waithub\yiiapp\index.php(13): CApplication->run()
#10 {main}
REQUEST_URI=/waithub/yiiapp/index.php/auth/register
---
2024/09/27 04:19:18 [error] [exception.CException] CException: AuthController cannot find the requested view "register". in C:\xampp\htdocs\waithub\waithub-test1\framework\web\CController.php:881
Stack trace:
#0 C:\xampp\htdocs\waithub\waithub-test1\framework\web\CController.php(785): CController->renderPartial('register', Array, true)
#1 C:\xampp\htdocs\waithub\yiiapp\protected\controllers\AuthController.php(15): CController->render('register', Array)
#2 C:\xampp\htdocs\waithub\waithub-test1\framework\web\actions\CInlineAction.php(49): AuthController->actionRegister()
#3 C:\xampp\htdocs\waithub\waithub-test1\framework\web\CController.php(308): CInlineAction->runWithParams(Array)
#4 C:\xampp\htdocs\waithub\waithub-test1\framework\web\CController.php(286): CController->runAction(Object(CInlineAction))
#5 C:\xampp\htdocs\waithub\waithub-test1\framework\web\CController.php(265): CController->runActionWithFilters(Object(CInlineAction), Array)
#6 C:\xampp\htdocs\waithub\waithub-test1\framework\web\CWebApplication.php(282): CController->run('register')
#7 C:\xampp\htdocs\waithub\waithub-test1\framework\web\CWebApplication.php(141): CWebApplication->runController('auth/register')
#8 C:\xampp\htdocs\waithub\waithub-test1\framework\base\CApplication.php(185): CWebApplication->processRequest()
#9 C:\xampp\htdocs\waithub\yiiapp\index.php(13): CApplication->run()
#10 {main}
REQUEST_URI=/waithub/yiiapp/index.php/auth/register
---
2024/09/27 04:19:22 [error] [exception.CException] CException: AuthController cannot find the requested view "login". in C:\xampp\htdocs\waithub\waithub-test1\framework\web\CController.php:881
Stack trace:
#0 C:\xampp\htdocs\waithub\waithub-test1\framework\web\CController.php(785): CController->renderPartial('login', Array, true)
#1 C:\xampp\htdocs\waithub\yiiapp\protected\controllers\AuthController.php(29): CController->render('login', Array)
#2 C:\xampp\htdocs\waithub\waithub-test1\framework\web\actions\CInlineAction.php(49): AuthController->actionLogin()
#3 C:\xampp\htdocs\waithub\waithub-test1\framework\web\CController.php(308): CInlineAction->runWithParams(Array)
#4 C:\xampp\htdocs\waithub\waithub-test1\framework\web\CController.php(286): CController->runAction(Object(CInlineAction))
#5 C:\xampp\htdocs\waithub\waithub-test1\framework\web\CController.php(265): CController->runActionWithFilters(Object(CInlineAction), Array)
#6 C:\xampp\htdocs\waithub\waithub-test1\framework\web\CWebApplication.php(282): CController->run('login')
#7 C:\xampp\htdocs\waithub\waithub-test1\framework\web\CWebApplication.php(141): CWebApplication->runController('auth/login')
#8 C:\xampp\htdocs\waithub\waithub-test1\framework\base\CApplication.php(185): CWebApplication->processRequest()
#9 C:\xampp\htdocs\waithub\yiiapp\index.php(13): CApplication->run()
#10 {main}
REQUEST_URI=/waithub/yiiapp/index.php/auth/login
---
2024/09/27 04:19:37 [error] [exception.CException] CException: AuthController cannot find the requested view "login". in C:\xampp\htdocs\waithub\waithub-test1\framework\web\CController.php:881
Stack trace:
#0 C:\xampp\htdocs\waithub\waithub-test1\framework\web\CController.php(785): CController->renderPartial('login', Array, true)
#1 C:\xampp\htdocs\waithub\yiiapp\protected\controllers\AuthController.php(29): CController->render('login', Array)
#2 C:\xampp\htdocs\waithub\waithub-test1\framework\web\actions\CInlineAction.php(49): AuthController->actionLogin()
#3 C:\xampp\htdocs\waithub\waithub-test1\framework\web\CController.php(308): CInlineAction->runWithParams(Array)
#4 C:\xampp\htdocs\waithub\waithub-test1\framework\web\CController.php(286): CController->runAction(Object(CInlineAction))
#5 C:\xampp\htdocs\waithub\waithub-test1\framework\web\CController.php(265): CController->runActionWithFilters(Object(CInlineAction), Array)
#6 C:\xampp\htdocs\waithub\waithub-test1\framework\web\CWebApplication.php(282): CController->run('login')
#7 C:\xampp\htdocs\waithub\waithub-test1\framework\web\CWebApplication.php(141): CWebApplication->runController('auth/login')
#8 C:\xampp\htdocs\waithub\waithub-test1\framework\base\CApplication.php(185): CWebApplication->processRequest()
#9 C:\xampp\htdocs\waithub\yiiapp\index.php(13): CApplication->run()
#10 {main}
REQUEST_URI=/waithub/yiiapp/index.php/auth/login
---
2024/09/27 04:19:38 [error] [exception.CException] CException: AuthController cannot find the requested view "login". in C:\xampp\htdocs\waithub\waithub-test1\framework\web\CController.php:881
Stack trace:
#0 C:\xampp\htdocs\waithub\waithub-test1\framework\web\CController.php(785): CController->renderPartial('login', Array, true)
#1 C:\xampp\htdocs\waithub\yiiapp\protected\controllers\AuthController.php(29): CController->render('login', Array)
#2 C:\xampp\htdocs\waithub\waithub-test1\framework\web\actions\CInlineAction.php(49): AuthController->actionLogin()
#3 C:\xampp\htdocs\waithub\waithub-test1\framework\web\CController.php(308): CInlineAction->runWithParams(Array)
#4 C:\xampp\htdocs\waithub\waithub-test1\framework\web\CController.php(286): CController->runAction(Object(CInlineAction))
#5 C:\xampp\htdocs\waithub\waithub-test1\framework\web\CController.php(265): CController->runActionWithFilters(Object(CInlineAction), Array)
#6 C:\xampp\htdocs\waithub\waithub-test1\framework\web\CWebApplication.php(282): CController->run('login')
#7 C:\xampp\htdocs\waithub\waithub-test1\framework\web\CWebApplication.php(141): CWebApplication->runController('auth/login')
#8 C:\xampp\htdocs\waithub\waithub-test1\framework\base\CApplication.php(185): CWebApplication->processRequest()
#9 C:\xampp\htdocs\waithub\yiiapp\index.php(13): CApplication->run()
#10 {main}
REQUEST_URI=/waithub/yiiapp/index.php/auth/login
---
2024/09/27 04:20:02 [error] [exception.CHttpException.404] CHttpException: Unable to resolve the request "login". in C:\xampp\htdocs\waithub\waithub-test1\framework\web\CWebApplication.php:286
Stack trace:
#0 C:\xampp\htdocs\waithub\waithub-test1\framework\web\CWebApplication.php(141): CWebApplication->runController('login')
#1 C:\xampp\htdocs\waithub\waithub-test1\framework\base\CApplication.php(185): CWebApplication->processRequest()
#2 C:\xampp\htdocs\waithub\yiiapp\index.php(13): CApplication->run()
#3 {main}
REQUEST_URI=/waithub/yiiapp/index.php/login
---
2024/09/27 04:22:37 [error] [exception.CException] CException: AuthController cannot find the requested view "register". in C:\xampp\htdocs\waithub\waithub-test1\framework\web\CController.php:881
Stack trace:
#0 C:\xampp\htdocs\waithub\waithub-test1\framework\web\CController.php(785): CController->renderPartial('register', Array, true)
#1 C:\xampp\htdocs\waithub\yiiapp\protected\controllers\AuthController.php(15): CController->render('register', Array)
#2 C:\xampp\htdocs\waithub\waithub-test1\framework\web\actions\CInlineAction.php(49): AuthController->actionRegister()
#3 C:\xampp\htdocs\waithub\waithub-test1\framework\web\CController.php(308): CInlineAction->runWithParams(Array)
#4 C:\xampp\htdocs\waithub\waithub-test1\framework\web\CController.php(286): CController->runAction(Object(CInlineAction))
#5 C:\xampp\htdocs\waithub\waithub-test1\framework\web\CController.php(265): CController->runActionWithFilters(Object(CInlineAction), Array)
#6 C:\xampp\htdocs\waithub\waithub-test1\framework\web\CWebApplication.php(282): CController->run('register')
#7 C:\xampp\htdocs\waithub\waithub-test1\framework\web\CWebApplication.php(141): CWebApplication->runController('auth/register')
#8 C:\xampp\htdocs\waithub\waithub-test1\framework\base\CApplication.php(185): CWebApplication->processRequest()
#9 C:\xampp\htdocs\waithub\yiiapp\index.php(13): CApplication->run()
#10 {main}
REQUEST_URI=/waithub/yiiapp/index.php/auth/register
---
2024/09/27 04:31:19 [error] [php] Undefined variable $model (C:\xampp\htdocs\waithub\yiiapp\protected\views\site\login.php:28)
Stack trace:
#0 C:\xampp\htdocs\waithub\waithub-test1\framework\web\CBaseController.php(126): require()
#1 C:\xampp\htdocs\waithub\waithub-test1\framework\web\CBaseController.php(95): SiteController->renderInternal()
#2 C:\xampp\htdocs\waithub\waithub-test1\framework\web\CController.php(872): SiteController->renderFile()
#3 C:\xampp\htdocs\waithub\waithub-test1\framework\web\CController.php(785): SiteController->renderPartial()
#4 C:\xampp\htdocs\waithub\yiiapp\protected\controllers\SiteController.php(32): SiteController->render()
#5 C:\xampp\htdocs\waithub\waithub-test1\framework\web\actions\CInlineAction.php(49): SiteController->actionIndex()
#6 C:\xampp\htdocs\waithub\waithub-test1\framework\web\CController.php(308): CInlineAction->runWithParams()
#7 C:\xampp\htdocs\waithub\waithub-test1\framework\web\CController.php(286): SiteController->runAction()
#8 C:\xampp\htdocs\waithub\waithub-test1\framework\web\CController.php(265): SiteController->runActionWithFilters()
#9 C:\xampp\htdocs\waithub\waithub-test1\framework\web\CWebApplication.php(282): SiteController->run()
#10 C:\xampp\htdocs\waithub\waithub-test1\framework\web\CWebApplication.php(141): CWebApplication->runController()
#11 C:\xampp\htdocs\waithub\waithub-test1\framework\base\CApplication.php(185): CWebApplication->processRequest()
#12 C:\xampp\htdocs\waithub\yiiapp\index.php(13): CWebApplication->run()
REQUEST_URI=/waithub/yiiapp/
in C:\xampp\htdocs\waithub\yiiapp\protected\views\site\login.php (28)
in C:\xampp\htdocs\waithub\yiiapp\protected\controllers\SiteController.php (32)
in C:\xampp\htdocs\waithub\yiiapp\index.php (13)
2024/09/27 04:33:11 [error] [php] Undefined variable $model (C:\xampp\htdocs\waithub\yiiapp\protected\views\site\auth\login.php:13)
Stack trace:
#0 C:\xampp\htdocs\waithub\waithub-test1\framework\web\CBaseController.php(126): require()
#1 C:\xampp\htdocs\waithub\waithub-test1\framework\web\CBaseController.php(95): SiteController->renderInternal()
#2 C:\xampp\htdocs\waithub\waithub-test1\framework\web\CController.php(872): SiteController->renderFile()
#3 C:\xampp\htdocs\waithub\waithub-test1\framework\web\CController.php(785): SiteController->renderPartial()
#4 C:\xampp\htdocs\waithub\yiiapp\protected\controllers\SiteController.php(32): SiteController->render()
#5 C:\xampp\htdocs\waithub\waithub-test1\framework\web\actions\CInlineAction.php(49): SiteController->actionIndex()
#6 C:\xampp\htdocs\waithub\waithub-test1\framework\web\CController.php(308): CInlineAction->runWithParams()
#7 C:\xampp\htdocs\waithub\waithub-test1\framework\web\CController.php(286): SiteController->runAction()
#8 C:\xampp\htdocs\waithub\waithub-test1\framework\web\CController.php(265): SiteController->runActionWithFilters()
#9 C:\xampp\htdocs\waithub\waithub-test1\framework\web\CWebApplication.php(282): SiteController->run()
#10 C:\xampp\htdocs\waithub\waithub-test1\framework\web\CWebApplication.php(141): CWebApplication->runController()
#11 C:\xampp\htdocs\waithub\waithub-test1\framework\base\CApplication.php(185): CWebApplication->processRequest()
#12 C:\xampp\htdocs\waithub\yiiapp\index.php(13): CWebApplication->run()
REQUEST_URI=/waithub/yiiapp/
in C:\xampp\htdocs\waithub\yiiapp\protected\views\site\auth\login.php (13)
in C:\xampp\htdocs\waithub\yiiapp\protected\controllers\SiteController.php (32)
in C:\xampp\htdocs\waithub\yiiapp\index.php (13)
2024/09/27 04:35:38 [error] [php] Undefined variable $model (C:\xampp\htdocs\waithub\yiiapp\protected\views\site\auth\login.php:13)
Stack trace:
#0 C:\xampp\htdocs\waithub\waithub-test1\framework\web\CBaseController.php(126): require()
#1 C:\xampp\htdocs\waithub\waithub-test1\framework\web\CBaseController.php(95): SiteController->renderInternal()
#2 C:\xampp\htdocs\waithub\waithub-test1\framework\web\CController.php(872): SiteController->renderFile()
#3 C:\xampp\htdocs\waithub\waithub-test1\framework\web\CController.php(785): SiteController->renderPartial()
#4 C:\xampp\htdocs\waithub\yiiapp\protected\controllers\SiteController.php(32): SiteController->render()
#5 C:\xampp\htdocs\waithub\waithub-test1\framework\web\actions\CInlineAction.php(49): SiteController->actionIndex()
#6 C:\xampp\htdocs\waithub\waithub-test1\framework\web\CController.php(308): CInlineAction->runWithParams()
#7 C:\xampp\htdocs\waithub\waithub-test1\framework\web\CController.php(286): SiteController->runAction()
#8 C:\xampp\htdocs\waithub\waithub-test1\framework\web\CController.php(265): SiteController->runActionWithFilters()
#9 C:\xampp\htdocs\waithub\waithub-test1\framework\web\CWebApplication.php(282): SiteController->run()
#10 C:\xampp\htdocs\waithub\waithub-test1\framework\web\CWebApplication.php(141): CWebApplication->runController()
#11 C:\xampp\htdocs\waithub\waithub-test1\framework\base\CApplication.php(185): CWebApplication->processRequest()
#12 C:\xampp\htdocs\waithub\yiiapp\index.php(13): CWebApplication->run()
REQUEST_URI=/waithub/yiiapp/
in C:\xampp\htdocs\waithub\yiiapp\protected\views\site\auth\login.php (13)
in C:\xampp\htdocs\waithub\yiiapp\protected\controllers\SiteController.php (32)
in C:\xampp\htdocs\waithub\yiiapp\index.php (13)
2024/09/27 04:35:39 [error] [php] Undefined variable $model (C:\xampp\htdocs\waithub\yiiapp\protected\views\site\auth\login.php:13)
Stack trace:
#0 C:\xampp\htdocs\waithub\waithub-test1\framework\web\CBaseController.php(126): require()
#1 C:\xampp\htdocs\waithub\waithub-test1\framework\web\CBaseController.php(95): SiteController->renderInternal()
#2 C:\xampp\htdocs\waithub\waithub-test1\framework\web\CController.php(872): SiteController->renderFile()
#3 C:\xampp\htdocs\waithub\waithub-test1\framework\web\CController.php(785): SiteController->renderPartial()
#4 C:\xampp\htdocs\waithub\yiiapp\protected\controllers\SiteController.php(32): SiteController->render()
#5 C:\xampp\htdocs\waithub\waithub-test1\framework\web\actions\CInlineAction.php(49): SiteController->actionIndex()
#6 C:\xampp\htdocs\waithub\waithub-test1\framework\web\CController.php(308): CInlineAction->runWithParams()
#7 C:\xampp\htdocs\waithub\waithub-test1\framework\web\CController.php(286): SiteController->runAction()
#8 C:\xampp\htdocs\waithub\waithub-test1\framework\web\CController.php(265): SiteController->runActionWithFilters()
#9 C:\xampp\htdocs\waithub\waithub-test1\framework\web\CWebApplication.php(282): SiteController->run()
#10 C:\xampp\htdocs\waithub\waithub-test1\framework\web\CWebApplication.php(141): CWebApplication->runController()
#11 C:\xampp\htdocs\waithub\waithub-test1\framework\base\CApplication.php(185): CWebApplication->processRequest()
#12 C:\xampp\htdocs\waithub\yiiapp\index.php(13): CWebApplication->run()
REQUEST_URI=/waithub/yiiapp/
in C:\xampp\htdocs\waithub\yiiapp\protected\views\site\auth\login.php (13)
in C:\xampp\htdocs\waithub\yiiapp\protected\controllers\SiteController.php (32)
in C:\xampp\htdocs\waithub\yiiapp\index.php (13)
2024/09/27 04:35:39 [error] [php] Undefined variable $model (C:\xampp\htdocs\waithub\yiiapp\protected\views\site\auth\login.php:13)
Stack trace:
#0 C:\xampp\htdocs\waithub\waithub-test1\framework\web\CBaseController.php(126): require()
#1 C:\xampp\htdocs\waithub\waithub-test1\framework\web\CBaseController.php(95): SiteController->renderInternal()
#2 C:\xampp\htdocs\waithub\waithub-test1\framework\web\CController.php(872): SiteController->renderFile()
#3 C:\xampp\htdocs\waithub\waithub-test1\framework\web\CController.php(785): SiteController->renderPartial()
#4 C:\xampp\htdocs\waithub\yiiapp\protected\controllers\SiteController.php(32): SiteController->render()
#5 C:\xampp\htdocs\waithub\waithub-test1\framework\web\actions\CInlineAction.php(49): SiteController->actionIndex()
#6 C:\xampp\htdocs\waithub\waithub-test1\framework\web\CController.php(308): CInlineAction->runWithParams()
#7 C:\xampp\htdocs\waithub\waithub-test1\framework\web\CController.php(286): SiteController->runAction()
#8 C:\xampp\htdocs\waithub\waithub-test1\framework\web\CController.php(265): SiteController->runActionWithFilters()
#9 C:\xampp\htdocs\waithub\waithub-test1\framework\web\CWebApplication.php(282): SiteController->run()
#10 C:\xampp\htdocs\waithub\waithub-test1\framework\web\CWebApplication.php(141): CWebApplication->runController()
#11 C:\xampp\htdocs\waithub\waithub-test1\framework\base\CApplication.php(185): CWebApplication->processRequest()
#12 C:\xampp\htdocs\waithub\yiiapp\index.php(13): CWebApplication->run()
REQUEST_URI=/waithub/yiiapp/
in C:\xampp\htdocs\waithub\yiiapp\protected\views\site\auth\login.php (13)
in C:\xampp\htdocs\waithub\yiiapp\protected\controllers\SiteController.php (32)
in C:\xampp\htdocs\waithub\yiiapp\index.php (13)
2024/09/27 04:35:39 [error] [php] Undefined variable $model (C:\xampp\htdocs\waithub\yiiapp\protected\views\site\auth\login.php:13)
Stack trace:
#0 C:\xampp\htdocs\waithub\waithub-test1\framework\web\CBaseController.php(126): require()
#1 C:\xampp\htdocs\waithub\waithub-test1\framework\web\CBaseController.php(95): SiteController->renderInternal()
#2 C:\xampp\htdocs\waithub\waithub-test1\framework\web\CController.php(872): SiteController->renderFile()
#3 C:\xampp\htdocs\waithub\waithub-test1\framework\web\CController.php(785): SiteController->renderPartial()
#4 C:\xampp\htdocs\waithub\yiiapp\protected\controllers\SiteController.php(32): SiteController->render()
#5 C:\xampp\htdocs\waithub\waithub-test1\framework\web\actions\CInlineAction.php(49): SiteController->actionIndex()
#6 C:\xampp\htdocs\waithub\waithub-test1\framework\web\CController.php(308): CInlineAction->runWithParams()
#7 C:\xampp\htdocs\waithub\waithub-test1\framework\web\CController.php(286): SiteController->runAction()
#8 C:\xampp\htdocs\waithub\waithub-test1\framework\web\CController.php(265): SiteController->runActionWithFilters()
#9 C:\xampp\htdocs\waithub\waithub-test1\framework\web\CWebApplication.php(282): SiteController->run()
#10 C:\xampp\htdocs\waithub\waithub-test1\framework\web\CWebApplication.php(141): CWebApplication->runController()
#11 C:\xampp\htdocs\waithub\waithub-test1\framework\base\CApplication.php(185): CWebApplication->processRequest()
#12 C:\xampp\htdocs\waithub\yiiapp\index.php(13): CWebApplication->run()
REQUEST_URI=/waithub/yiiapp/
in C:\xampp\htdocs\waithub\yiiapp\protected\views\site\auth\login.php (13)
in C:\xampp\htdocs\waithub\yiiapp\protected\controllers\SiteController.php (32)
in C:\xampp\htdocs\waithub\yiiapp\index.php (13)
2024/09/27 04:38:20 [error] [php] Undefined variable $model (C:\xampp\htdocs\waithub\yiiapp\protected\views\site\auth\login.php:13)
Stack trace:
#0 C:\xampp\htdocs\waithub\waithub-test1\framework\web\CBaseController.php(126): require()
#1 C:\xampp\htdocs\waithub\waithub-test1\framework\web\CBaseController.php(95): SiteController->renderInternal()
#2 C:\xampp\htdocs\waithub\waithub-test1\framework\web\CController.php(872): SiteController->renderFile()
#3 C:\xampp\htdocs\waithub\waithub-test1\framework\web\CController.php(785): SiteController->renderPartial()
#4 C:\xampp\htdocs\waithub\yiiapp\protected\controllers\SiteController.php(32): SiteController->render()
#5 C:\xampp\htdocs\waithub\waithub-test1\framework\web\actions\CInlineAction.php(49): SiteController->actionIndex()
#6 C:\xampp\htdocs\waithub\waithub-test1\framework\web\CController.php(308): CInlineAction->runWithParams()
#7 C:\xampp\htdocs\waithub\waithub-test1\framework\web\CController.php(286): SiteController->runAction()
#8 C:\xampp\htdocs\waithub\waithub-test1\framework\web\CController.php(265): SiteController->runActionWithFilters()
#9 C:\xampp\htdocs\waithub\waithub-test1\framework\web\CWebApplication.php(282): SiteController->run()
#10 C:\xampp\htdocs\waithub\waithub-test1\framework\web\CWebApplication.php(141): CWebApplication->runController()
#11 C:\xampp\htdocs\waithub\waithub-test1\framework\base\CApplication.php(185): CWebApplication->processRequest()
#12 C:\xampp\htdocs\waithub\yiiapp\index.php(13): CWebApplication->run()
REQUEST_URI=/waithub/yiiapp/index.php/site/index
in C:\xampp\htdocs\waithub\yiiapp\protected\views\site\auth\login.php (13)
in C:\xampp\htdocs\waithub\yiiapp\protected\controllers\SiteController.php (32)
in C:\xampp\htdocs\waithub\yiiapp\index.php (13)
2024/09/27 04:41:08 [error] [php] Undefined variable $model (C:\xampp\htdocs\waithub\yiiapp\protected\views\site\auth\login.php:13)
Stack trace:
#0 C:\xampp\htdocs\waithub\waithub-test1\framework\web\CBaseController.php(126): require()
#1 C:\xampp\htdocs\waithub\waithub-test1\framework\web\CBaseController.php(95): SiteController->renderInternal()
#2 C:\xampp\htdocs\waithub\waithub-test1\framework\web\CController.php(872): SiteController->renderFile()
#3 C:\xampp\htdocs\waithub\waithub-test1\framework\web\CController.php(785): SiteController->renderPartial()
#4 C:\xampp\htdocs\waithub\yiiapp\protected\controllers\SiteController.php(32): SiteController->render()
#5 C:\xampp\htdocs\waithub\waithub-test1\framework\web\actions\CInlineAction.php(49): SiteController->actionIndex()
#6 C:\xampp\htdocs\waithub\waithub-test1\framework\web\CController.php(308): CInlineAction->runWithParams()
#7 C:\xampp\htdocs\waithub\waithub-test1\framework\web\CController.php(286): SiteController->runAction()
#8 C:\xampp\htdocs\waithub\waithub-test1\framework\web\CController.php(265): SiteController->runActionWithFilters()
#9 C:\xampp\htdocs\waithub\waithub-test1\framework\web\CWebApplication.php(282): SiteController->run()
#10 C:\xampp\htdocs\waithub\waithub-test1\framework\web\CWebApplication.php(141): CWebApplication->runController()
#11 C:\xampp\htdocs\waithub\waithub-test1\framework\base\CApplication.php(185): CWebApplication->processRequest()
#12 C:\xampp\htdocs\waithub\yiiapp\index.php(13): CWebApplication->run()
REQUEST_URI=/waithub/yiiapp/
in C:\xampp\htdocs\waithub\yiiapp\protected\views\site\auth\login.php (13)
in C:\xampp\htdocs\waithub\yiiapp\protected\controllers\SiteController.php (32)
in C:\xampp\htdocs\waithub\yiiapp\index.php (13)
2024/09/27 04:41:09 [error] [php] Undefined variable $model (C:\xampp\htdocs\waithub\yiiapp\protected\views\site\auth\login.php:13)
Stack trace:
#0 C:\xampp\htdocs\waithub\waithub-test1\framework\web\CBaseController.php(126): require()
#1 C:\xampp\htdocs\waithub\waithub-test1\framework\web\CBaseController.php(95): SiteController->renderInternal()
#2 C:\xampp\htdocs\waithub\waithub-test1\framework\web\CController.php(872): SiteController->renderFile()
#3 C:\xampp\htdocs\waithub\waithub-test1\framework\web\CController.php(785): SiteController->renderPartial()
#4 C:\xampp\htdocs\waithub\yiiapp\protected\controllers\SiteController.php(32): SiteController->render()
#5 C:\xampp\htdocs\waithub\waithub-test1\framework\web\actions\CInlineAction.php(49): SiteController->actionIndex()
#6 C:\xampp\htdocs\waithub\waithub-test1\framework\web\CController.php(308): CInlineAction->runWithParams()
#7 C:\xampp\htdocs\waithub\waithub-test1\framework\web\CController.php(286): SiteController->runAction()
#8 C:\xampp\htdocs\waithub\waithub-test1\framework\web\CController.php(265): SiteController->runActionWithFilters()
#9 C:\xampp\htdocs\waithub\waithub-test1\framework\web\CWebApplication.php(282): SiteController->run()
#10 C:\xampp\htdocs\waithub\waithub-test1\framework\web\CWebApplication.php(141): CWebApplication->runController()
#11 C:\xampp\htdocs\waithub\waithub-test1\framework\base\CApplication.php(185): CWebApplication->processRequest()
#12 C:\xampp\htdocs\waithub\yiiapp\index.php(13): CWebApplication->run()
REQUEST_URI=/waithub/yiiapp/
in C:\xampp\htdocs\waithub\yiiapp\protected\views\site\auth\login.php (13)
in C:\xampp\htdocs\waithub\yiiapp\protected\controllers\SiteController.php (32)
in C:\xampp\htdocs\waithub\yiiapp\index.php (13)
2024/09/27 04:42:27 [error] [php] Undefined variable $model (C:\xampp\htdocs\waithub\yiiapp\protected\views\site\auth\login.php:13)
Stack trace:
#0 C:\xampp\htdocs\waithub\waithub-test1\framework\web\CBaseController.php(126): require()
#1 C:\xampp\htdocs\waithub\waithub-test1\framework\web\CBaseController.php(95): SiteController->renderInternal()
#2 C:\xampp\htdocs\waithub\waithub-test1\framework\web\CController.php(872): SiteController->renderFile()
#3 C:\xampp\htdocs\waithub\waithub-test1\framework\web\CController.php(785): SiteController->renderPartial()
#4 C:\xampp\htdocs\waithub\yiiapp\protected\controllers\SiteController.php(32): SiteController->render()
#5 C:\xampp\htdocs\waithub\waithub-test1\framework\web\actions\CInlineAction.php(49): SiteController->actionIndex()
#6 C:\xampp\htdocs\waithub\waithub-test1\framework\web\CController.php(308): CInlineAction->runWithParams()
#7 C:\xampp\htdocs\waithub\waithub-test1\framework\web\CController.php(286): SiteController->runAction()
#8 C:\xampp\htdocs\waithub\waithub-test1\framework\web\CController.php(265): SiteController->runActionWithFilters()
#9 C:\xampp\htdocs\waithub\waithub-test1\framework\web\CWebApplication.php(282): SiteController->run()
#10 C:\xampp\htdocs\waithub\waithub-test1\framework\web\CWebApplication.php(141): CWebApplication->runController()
#11 C:\xampp\htdocs\waithub\waithub-test1\framework\base\CApplication.php(185): CWebApplication->processRequest()
#12 C:\xampp\htdocs\waithub\yiiapp\index.php(13): CWebApplication->run()
REQUEST_URI=/waithub/yiiapp/
in C:\xampp\htdocs\waithub\yiiapp\protected\views\site\auth\login.php (13)
in C:\xampp\htdocs\waithub\yiiapp\protected\controllers\SiteController.php (32)
in C:\xampp\htdocs\waithub\yiiapp\index.php (13)
2024/09/27 04:45:26 [error] [php] Undefined variable $model (C:\xampp\htdocs\waithub\yiiapp\protected\views\site\auth\login.php:13)
Stack trace:
#0 C:\xampp\htdocs\waithub\waithub-test1\framework\web\CBaseController.php(126): require()
#1 C:\xampp\htdocs\waithub\waithub-test1\framework\web\CBaseController.php(95): SiteController->renderInternal()
#2 C:\xampp\htdocs\waithub\waithub-test1\framework\web\CController.php(872): SiteController->renderFile()
#3 C:\xampp\htdocs\waithub\waithub-test1\framework\web\CController.php(785): SiteController->renderPartial()
#4 C:\xampp\htdocs\waithub\yiiapp\protected\controllers\SiteController.php(32): SiteController->render()
#5 C:\xampp\htdocs\waithub\waithub-test1\framework\web\actions\CInlineAction.php(49): SiteController->actionIndex()
#6 C:\xampp\htdocs\waithub\waithub-test1\framework\web\CController.php(308): CInlineAction->runWithParams()
#7 C:\xampp\htdocs\waithub\waithub-test1\framework\web\CController.php(286): SiteController->runAction()
#8 C:\xampp\htdocs\waithub\waithub-test1\framework\web\CController.php(265): SiteController->runActionWithFilters()
#9 C:\xampp\htdocs\waithub\waithub-test1\framework\web\CWebApplication.php(282): SiteController->run()
#10 C:\xampp\htdocs\waithub\waithub-test1\framework\web\CWebApplication.php(141): CWebApplication->runController()
#11 C:\xampp\htdocs\waithub\waithub-test1\framework\base\CApplication.php(185): CWebApplication->processRequest()
#12 C:\xampp\htdocs\waithub\yiiapp\index.php(13): CWebApplication->run()
REQUEST_URI=/waithub/yiiapp/
in C:\xampp\htdocs\waithub\yiiapp\protected\views\site\auth\login.php (13)
in C:\xampp\htdocs\waithub\yiiapp\protected\controllers\SiteController.php (32)
in C:\xampp\htdocs\waithub\yiiapp\index.php (13)
2024/09/27 04:48:46 [error] [exception.CException] CException: AuthController cannot find the requested view "register". in C:\xampp\htdocs\waithub\waithub-test1\framework\web\CController.php:881
Stack trace:
#0 C:\xampp\htdocs\waithub\waithub-test1\framework\web\CController.php(785): CController->renderPartial('register', Array, true)
#1 C:\xampp\htdocs\waithub\yiiapp\protected\controllers\AuthController.php(15): CController->render('register', Array)
#2 C:\xampp\htdocs\waithub\waithub-test1\framework\web\actions\CInlineAction.php(49): AuthController->actionRegister()
#3 C:\xampp\htdocs\waithub\waithub-test1\framework\web\CController.php(308): CInlineAction->runWithParams(Array)
#4 C:\xampp\htdocs\waithub\waithub-test1\framework\web\CController.php(286): CController->runAction(Object(CInlineAction))
#5 C:\xampp\htdocs\waithub\waithub-test1\framework\web\CController.php(265): CController->runActionWithFilters(Object(CInlineAction), Array)
#6 C:\xampp\htdocs\waithub\waithub-test1\framework\web\CWebApplication.php(282): CController->run('register')
#7 C:\xampp\htdocs\waithub\waithub-test1\framework\web\CWebApplication.php(141): CWebApplication->runController('auth/register')
#8 C:\xampp\htdocs\waithub\waithub-test1\framework\base\CApplication.php(185): CWebApplication->processRequest()
#9 C:\xampp\htdocs\waithub\yiiapp\index.php(13): CApplication->run()
#10 {main}
REQUEST_URI=/waithub/yiiapp/index.php/auth/register
---
2024/09/27 04:48:50 [error] [exception.CException] CException: AuthController cannot find the requested view "login". in C:\xampp\htdocs\waithub\waithub-test1\framework\web\CController.php:881
Stack trace:
#0 C:\xampp\htdocs\waithub\waithub-test1\framework\web\CController.php(785): CController->renderPartial('login', Array, true)
#1 C:\xampp\htdocs\waithub\yiiapp\protected\controllers\AuthController.php(30): CController->render('login', Array)
#2 C:\xampp\htdocs\waithub\waithub-test1\framework\web\actions\CInlineAction.php(49): AuthController->actionLogin()
#3 C:\xampp\htdocs\waithub\waithub-test1\framework\web\CController.php(308): CInlineAction->runWithParams(Array)
#4 C:\xampp\htdocs\waithub\waithub-test1\framework\web\CController.php(286): CController->runAction(Object(CInlineAction))
#5 C:\xampp\htdocs\waithub\waithub-test1\framework\web\CController.php(265): CController->runActionWithFilters(Object(CInlineAction), Array)
#6 C:\xampp\htdocs\waithub\waithub-test1\framework\web\CWebApplication.php(282): CController->run('login')
#7 C:\xampp\htdocs\waithub\waithub-test1\framework\web\CWebApplication.php(141): CWebApplication->runController('auth/login')
#8 C:\xampp\htdocs\waithub\waithub-test1\framework\base\CApplication.php(185): CWebApplication->processRequest()
#9 C:\xampp\htdocs\waithub\yiiapp\index.php(13): CApplication->run()
#10 {main}
REQUEST_URI=/waithub/yiiapp/index.php/auth/login
---
2024/09/27 04:49:47 [error] [exception.CException] CException: AuthController cannot find the requested view "auth/login". in C:\xampp\htdocs\waithub\waithub-test1\framework\web\CController.php:881
Stack trace:
#0 C:\xampp\htdocs\waithub\waithub-test1\framework\web\CController.php(785): CController->renderPartial('auth/login', Array, true)
#1 C:\xampp\htdocs\waithub\yiiapp\protected\controllers\AuthController.php(30): CController->render('auth/login', Array)
#2 C:\xampp\htdocs\waithub\waithub-test1\framework\web\actions\CInlineAction.php(49): AuthController->actionLogin()
#3 C:\xampp\htdocs\waithub\waithub-test1\framework\web\CController.php(308): CInlineAction->runWithParams(Array)
#4 C:\xampp\htdocs\waithub\waithub-test1\framework\web\CController.php(286): CController->runAction(Object(CInlineAction))
#5 C:\xampp\htdocs\waithub\waithub-test1\framework\web\CController.php(265): CController->runActionWithFilters(Object(CInlineAction), Array)
#6 C:\xampp\htdocs\waithub\waithub-test1\framework\web\CWebApplication.php(282): CController->run('login')
#7 C:\xampp\htdocs\waithub\waithub-test1\framework\web\CWebApplication.php(141): CWebApplication->runController('auth/login')
#8 C:\xampp\htdocs\waithub\waithub-test1\framework\base\CApplication.php(185): CWebApplication->processRequest()
#9 C:\xampp\htdocs\waithub\yiiapp\index.php(13): CApplication->run()
#10 {main}
REQUEST_URI=/waithub/yiiapp/index.php/auth/login
---
2024/09/27 04:49:59 [error] [exception.CException] CException: AuthController cannot find the requested view "site/auth/login". in C:\xampp\htdocs\waithub\waithub-test1\framework\web\CController.php:881
Stack trace:
#0 C:\xampp\htdocs\waithub\waithub-test1\framework\web\CController.php(785): CController->renderPartial('site/auth/login', Array, true)
#1 C:\xampp\htdocs\waithub\yiiapp\protected\controllers\AuthController.php(30): CController->render('site/auth/login', Array)
#2 C:\xampp\htdocs\waithub\waithub-test1\framework\web\actions\CInlineAction.php(49): AuthController->actionLogin()
#3 C:\xampp\htdocs\waithub\waithub-test1\framework\web\CController.php(308): CInlineAction->runWithParams(Array)
#4 C:\xampp\htdocs\waithub\waithub-test1\framework\web\CController.php(286): CController->runAction(Object(CInlineAction))
#5 C:\xampp\htdocs\waithub\waithub-test1\framework\web\CController.php(265): CController->runActionWithFilters(Object(CInlineAction), Array)
#6 C:\xampp\htdocs\waithub\waithub-test1\framework\web\CWebApplication.php(282): CController->run('login')
#7 C:\xampp\htdocs\waithub\waithub-test1\framework\web\CWebApplication.php(141): CWebApplication->runController('auth/login')
#8 C:\xampp\htdocs\waithub\waithub-test1\framework\base\CApplication.php(185): CWebApplication->processRequest()
#9 C:\xampp\htdocs\waithub\yiiapp\index.php(13): CApplication->run()
#10 {main}
REQUEST_URI=/waithub/yiiapp/index.php/auth/login
---
2024/09/27 04:50:00 [error] [exception.CException] CException: AuthController cannot find the requested view "site/auth/login". in C:\xampp\htdocs\waithub\waithub-test1\framework\web\CController.php:881
Stack trace:
#0 C:\xampp\htdocs\waithub\waithub-test1\framework\web\CController.php(785): CController->renderPartial('site/auth/login', Array, true)
#1 C:\xampp\htdocs\waithub\yiiapp\protected\controllers\AuthController.php(30): CController->render('site/auth/login', Array)
#2 C:\xampp\htdocs\waithub\waithub-test1\framework\web\actions\CInlineAction.php(49): AuthController->actionLogin()
#3 C:\xampp\htdocs\waithub\waithub-test1\framework\web\CController.php(308): CInlineAction->runWithParams(Array)
#4 C:\xampp\htdocs\waithub\waithub-test1\framework\web\CController.php(286): CController->runAction(Object(CInlineAction))
#5 C:\xampp\htdocs\waithub\waithub-test1\framework\web\CController.php(265): CController->runActionWithFilters(Object(CInlineAction), Array)
#6 C:\xampp\htdocs\waithub\waithub-test1\framework\web\CWebApplication.php(282): CController->run('login')
#7 C:\xampp\htdocs\waithub\waithub-test1\framework\web\CWebApplication.php(141): CWebApplication->runController('auth/login')
#8 C:\xampp\htdocs\waithub\waithub-test1\framework\base\CApplication.php(185): CWebApplication->processRequest()
#9 C:\xampp\htdocs\waithub\yiiapp\index.php(13): CApplication->run()
#10 {main}
REQUEST_URI=/waithub/yiiapp/index.php/auth/login
---
2024/09/27 04:50:26 [error] [exception.CException] CException: AuthController cannot find the requested view "auth/login". in C:\xampp\htdocs\waithub\waithub-test1\framework\web\CController.php:881
Stack trace:
#0 C:\xampp\htdocs\waithub\waithub-test1\framework\web\CController.php(785): CController->renderPartial('auth/login', Array, true)
#1 C:\xampp\htdocs\waithub\yiiapp\protected\controllers\AuthController.php(30): CController->render('auth/login', Array)
#2 C:\xampp\htdocs\waithub\waithub-test1\framework\web\actions\CInlineAction.php(49): AuthController->actionLogin()
#3 C:\xampp\htdocs\waithub\waithub-test1\framework\web\CController.php(308): CInlineAction->runWithParams(Array)
#4 C:\xampp\htdocs\waithub\waithub-test1\framework\web\CController.php(286): CController->runAction(Object(CInlineAction))
#5 C:\xampp\htdocs\waithub\waithub-test1\framework\web\CController.php(265): CController->runActionWithFilters(Object(CInlineAction), Array)
#6 C:\xampp\htdocs\waithub\waithub-test1\framework\web\CWebApplication.php(282): CController->run('login')
#7 C:\xampp\htdocs\waithub\waithub-test1\framework\web\CWebApplication.php(141): CWebApplication->runController('auth/login')
#8 C:\xampp\htdocs\waithub\waithub-test1\framework\base\CApplication.php(185): CWebApplication->processRequest()
#9 C:\xampp\htdocs\waithub\yiiapp\index.php(13): CApplication->run()
#10 {main}
REQUEST_URI=/waithub/yiiapp/index.php/auth/login
---
2024/09/27 04:51:01 [error] [exception.CException] CException: AuthController cannot find the requested view "auth/login.php". in C:\xampp\htdocs\waithub\waithub-test1\framework\web\CController.php:881
Stack trace:
#0 C:\xampp\htdocs\waithub\waithub-test1\framework\web\CController.php(785): CController->renderPartial('auth/login.php', Array, true)
#1 C:\xampp\htdocs\waithub\yiiapp\protected\controllers\AuthController.php(30): CController->render('auth/login.php', Array)
#2 C:\xampp\htdocs\waithub\waithub-test1\framework\web\actions\CInlineAction.php(49): AuthController->actionLogin()
#3 C:\xampp\htdocs\waithub\waithub-test1\framework\web\CController.php(308): CInlineAction->runWithParams(Array)
#4 C:\xampp\htdocs\waithub\waithub-test1\framework\web\CController.php(286): CController->runAction(Object(CInlineAction))
#5 C:\xampp\htdocs\waithub\waithub-test1\framework\web\CController.php(265): CController->runActionWithFilters(Object(CInlineAction), Array)
#6 C:\xampp\htdocs\waithub\waithub-test1\framework\web\CWebApplication.php(282): CController->run('login')
#7 C:\xampp\htdocs\waithub\waithub-test1\framework\web\CWebApplication.php(141): CWebApplication->runController('auth/login')
#8 C:\xampp\htdocs\waithub\waithub-test1\framework\base\CApplication.php(185): CWebApplication->processRequest()
#9 C:\xampp\htdocs\waithub\yiiapp\index.php(13): CApplication->run()
#10 {main}
REQUEST_URI=/waithub/yiiapp/index.php/auth/login
---
2024/09/27 04:51:01 [error] [exception.CException] CException: AuthController cannot find the requested view "auth/login.php". in C:\xampp\htdocs\waithub\waithub-test1\framework\web\CController.php:881
Stack trace:
#0 C:\xampp\htdocs\waithub\waithub-test1\framework\web\CController.php(785): CController->renderPartial('auth/login.php', Array, true)
#1 C:\xampp\htdocs\waithub\yiiapp\protected\controllers\AuthController.php(30): CController->render('auth/login.php', Array)
#2 C:\xampp\htdocs\waithub\waithub-test1\framework\web\actions\CInlineAction.php(49): AuthController->actionLogin()
#3 C:\xampp\htdocs\waithub\waithub-test1\framework\web\CController.php(308): CInlineAction->runWithParams(Array)
#4 C:\xampp\htdocs\waithub\waithub-test1\framework\web\CController.php(286): CController->runAction(Object(CInlineAction))
#5 C:\xampp\htdocs\waithub\waithub-test1\framework\web\CController.php(265): CController->runActionWithFilters(Object(CInlineAction), Array)
#6 C:\xampp\htdocs\waithub\waithub-test1\framework\web\CWebApplication.php(282): CController->run('login')
#7 C:\xampp\htdocs\waithub\waithub-test1\framework\web\CWebApplication.php(141): CWebApplication->runController('auth/login')
#8 C:\xampp\htdocs\waithub\waithub-test1\framework\base\CApplication.php(185): CWebApplication->processRequest()
#9 C:\xampp\htdocs\waithub\yiiapp\index.php(13): CApplication->run()
#10 {main}
REQUEST_URI=/waithub/yiiapp/index.php/auth/login
---
2024/09/27 04:51:06 [error] [exception.CException] CException: AuthController cannot find the requested view "login.php". in C:\xampp\htdocs\waithub\waithub-test1\framework\web\CController.php:881
Stack trace:
#0 C:\xampp\htdocs\waithub\waithub-test1\framework\web\CController.php(785): CController->renderPartial('login.php', Array, true)
#1 C:\xampp\htdocs\waithub\yiiapp\protected\controllers\AuthController.php(30): CController->render('login.php', Array)
#2 C:\xampp\htdocs\waithub\waithub-test1\framework\web\actions\CInlineAction.php(49): AuthController->actionLogin()
#3 C:\xampp\htdocs\waithub\waithub-test1\framework\web\CController.php(308): CInlineAction->runWithParams(Array)
#4 C:\xampp\htdocs\waithub\waithub-test1\framework\web\CController.php(286): CController->runAction(Object(CInlineAction))
#5 C:\xampp\htdocs\waithub\waithub-test1\framework\web\CController.php(265): CController->runActionWithFilters(Object(CInlineAction), Array)
#6 C:\xampp\htdocs\waithub\waithub-test1\framework\web\CWebApplication.php(282): CController->run('login')
#7 C:\xampp\htdocs\waithub\waithub-test1\framework\web\CWebApplication.php(141): CWebApplication->runController('auth/login')
#8 C:\xampp\htdocs\waithub\waithub-test1\framework\base\CApplication.php(185): CWebApplication->processRequest()
#9 C:\xampp\htdocs\waithub\yiiapp\index.php(13): CApplication->run()
#10 {main}
REQUEST_URI=/waithub/yiiapp/index.php/auth/login
---
2024/09/27 04:51:07 [error] [exception.CException] CException: AuthController cannot find the requested view "login.php". in C:\xampp\htdocs\waithub\waithub-test1\framework\web\CController.php:881
Stack trace:
#0 C:\xampp\htdocs\waithub\waithub-test1\framework\web\CController.php(785): CController->renderPartial('login.php', Array, true)
#1 C:\xampp\htdocs\waithub\yiiapp\protected\controllers\AuthController.php(30): CController->render('login.php', Array)
#2 C:\xampp\htdocs\waithub\waithub-test1\framework\web\actions\CInlineAction.php(49): AuthController->actionLogin()
#3 C:\xampp\htdocs\waithub\waithub-test1\framework\web\CController.php(308): CInlineAction->runWithParams(Array)
#4 C:\xampp\htdocs\waithub\waithub-test1\framework\web\CController.php(286): CController->runAction(Object(CInlineAction))
#5 C:\xampp\htdocs\waithub\waithub-test1\framework\web\CController.php(265): CController->runActionWithFilters(Object(CInlineAction), Array)
#6 C:\xampp\htdocs\waithub\waithub-test1\framework\web\CWebApplication.php(282): CController->run('login')
#7 C:\xampp\htdocs\waithub\waithub-test1\framework\web\CWebApplication.php(141): CWebApplication->runController('auth/login')
#8 C:\xampp\htdocs\waithub\waithub-test1\framework\base\CApplication.php(185): CWebApplication->processRequest()
#9 C:\xampp\htdocs\waithub\yiiapp\index.php(13): CApplication->run()
#10 {main}
REQUEST_URI=/waithub/yiiapp/index.php/auth/login
---
2024/09/27 04:51:11 [error] [exception.CException] CException: AuthController cannot find the requested view "login". in C:\xampp\htdocs\waithub\waithub-test1\framework\web\CController.php:881
Stack trace:
#0 C:\xampp\htdocs\waithub\waithub-test1\framework\web\CController.php(785): CController->renderPartial('login', Array, true)
#1 C:\xampp\htdocs\waithub\yiiapp\protected\controllers\AuthController.php(30): CController->render('login', Array)
#2 C:\xampp\htdocs\waithub\waithub-test1\framework\web\actions\CInlineAction.php(49): AuthController->actionLogin()
#3 C:\xampp\htdocs\waithub\waithub-test1\framework\web\CController.php(308): CInlineAction->runWithParams(Array)
#4 C:\xampp\htdocs\waithub\waithub-test1\framework\web\CController.php(286): CController->runAction(Object(CInlineAction))
#5 C:\xampp\htdocs\waithub\waithub-test1\framework\web\CController.php(265): CController->runActionWithFilters(Object(CInlineAction), Array)
#6 C:\xampp\htdocs\waithub\waithub-test1\framework\web\CWebApplication.php(282): CController->run('login')
#7 C:\xampp\htdocs\waithub\waithub-test1\framework\web\CWebApplication.php(141): CWebApplication->runController('auth/login')
#8 C:\xampp\htdocs\waithub\waithub-test1\framework\base\CApplication.php(185): CWebApplication->processRequest()
#9 C:\xampp\htdocs\waithub\yiiapp\index.php(13): CApplication->run()
#10 {main}
REQUEST_URI=/waithub/yiiapp/index.php/auth/login
---
2024/09/27 04:51:32 [error] [exception.CHttpException.404] CHttpException: Unable to resolve the request "login". in C:\xampp\htdocs\waithub\waithub-test1\framework\web\CWebApplication.php:286
Stack trace:
#0 C:\xampp\htdocs\waithub\waithub-test1\framework\web\CWebApplication.php(141): CWebApplication->runController('login')
#1 C:\xampp\htdocs\waithub\waithub-test1\framework\base\CApplication.php(185): CWebApplication->processRequest()
#2 C:\xampp\htdocs\waithub\yiiapp\index.php(13): CApplication->run()
#3 {main}
REQUEST_URI=/waithub/yiiapp/index.php/login
---
2024/09/27 04:51:44 [error] [exception.CException] CException: AuthController cannot find the requested view "auth/login". in C:\xampp\htdocs\waithub\waithub-test1\framework\web\CController.php:881
Stack trace:
#0 C:\xampp\htdocs\waithub\waithub-test1\framework\web\CController.php(785): CController->renderPartial('auth/login', Array, true)
#1 C:\xampp\htdocs\waithub\yiiapp\protected\controllers\AuthController.php(30): CController->render('auth/login', Array)
#2 C:\xampp\htdocs\waithub\waithub-test1\framework\web\actions\CInlineAction.php(49): AuthController->actionLogin()
#3 C:\xampp\htdocs\waithub\waithub-test1\framework\web\CController.php(308): CInlineAction->runWithParams(Array)
#4 C:\xampp\htdocs\waithub\waithub-test1\framework\web\CController.php(286): CController->runAction(Object(CInlineAction))
#5 C:\xampp\htdocs\waithub\waithub-test1\framework\web\CController.php(265): CController->runActionWithFilters(Object(CInlineAction), Array)
#6 C:\xampp\htdocs\waithub\waithub-test1\framework\web\CWebApplication.php(282): CController->run('login')
#7 C:\xampp\htdocs\waithub\waithub-test1\framework\web\CWebApplication.php(141): CWebApplication->runController('auth/login')
#8 C:\xampp\htdocs\waithub\waithub-test1\framework\base\CApplication.php(185): CWebApplication->processRequest()
#9 C:\xampp\htdocs\waithub\yiiapp\index.php(13): CApplication->run()
#10 {main}
REQUEST_URI=/waithub/yiiapp/index.php/auth/login
---
2024/09/27 04:51:51 [error] [exception.CException] CException: AuthController cannot find the requested view "login". in C:\xampp\htdocs\waithub\waithub-test1\framework\web\CController.php:881
Stack trace:
#0 C:\xampp\htdocs\waithub\waithub-test1\framework\web\CController.php(785): CController->renderPartial('login', Array, true)
#1 C:\xampp\htdocs\waithub\yiiapp\protected\controllers\AuthController.php(30): CController->render('login', Array)
#2 C:\xampp\htdocs\waithub\waithub-test1\framework\web\actions\CInlineAction.php(49): AuthController->actionLogin()
#3 C:\xampp\htdocs\waithub\waithub-test1\framework\web\CController.php(308): CInlineAction->runWithParams(Array)
#4 C:\xampp\htdocs\waithub\waithub-test1\framework\web\CController.php(286): CController->runAction(Object(CInlineAction))
#5 C:\xampp\htdocs\waithub\waithub-test1\framework\web\CController.php(265): CController->runActionWithFilters(Object(CInlineAction), Array)
#6 C:\xampp\htdocs\waithub\waithub-test1\framework\web\CWebApplication.php(282): CController->run('login')
#7 C:\xampp\htdocs\waithub\waithub-test1\framework\web\CWebApplication.php(141): CWebApplication->runController('auth/login')
#8 C:\xampp\htdocs\waithub\waithub-test1\framework\base\CApplication.php(185): CWebApplication->processRequest()
#9 C:\xampp\htdocs\waithub\yiiapp\index.php(13): CApplication->run()
#10 {main}
REQUEST_URI=/waithub/yiiapp/index.php/auth/login
---
2024/09/27 04:54:10 [error] [exception.CException] CException: AuthController cannot find the requested view "login". in C:\xampp\htdocs\waithub\waithub-test1\framework\web\CController.php:881
Stack trace:
#0 C:\xampp\htdocs\waithub\waithub-test1\framework\web\CController.php(785): CController->renderPartial('login', Array, true)
#1 C:\xampp\htdocs\waithub\yiiapp\protected\controllers\AuthController.php(30): CController->render('login', Array)
#2 C:\xampp\htdocs\waithub\waithub-test1\framework\web\actions\CInlineAction.php(49): AuthController->actionLogin()
#3 C:\xampp\htdocs\waithub\waithub-test1\framework\web\CController.php(308): CInlineAction->runWithParams(Array)
#4 C:\xampp\htdocs\waithub\waithub-test1\framework\web\CController.php(286): CController->runAction(Object(CInlineAction))
#5 C:\xampp\htdocs\waithub\waithub-test1\framework\web\CController.php(265): CController->runActionWithFilters(Object(CInlineAction), Array)
#6 C:\xampp\htdocs\waithub\waithub-test1\framework\web\CWebApplication.php(282): CController->run('login')
#7 C:\xampp\htdocs\waithub\waithub-test1\framework\web\CWebApplication.php(141): CWebApplication->runController('auth/login')
#8 C:\xampp\htdocs\waithub\waithub-test1\framework\base\CApplication.php(185): CWebApplication->processRequest()
#9 C:\xampp\htdocs\waithub\yiiapp\index.php(13): CApplication->run()
#10 {main}
REQUEST_URI=/waithub/yiiapp/index.php/auth/login
---
2024/09/27 04:54:11 [error] [exception.CException] CException: AuthController cannot find the requested view "login". in C:\xampp\htdocs\waithub\waithub-test1\framework\web\CController.php:881
Stack trace:
#0 C:\xampp\htdocs\waithub\waithub-test1\framework\web\CController.php(785): CController->renderPartial('login', Array, true)
#1 C:\xampp\htdocs\waithub\yiiapp\protected\controllers\AuthController.php(30): CController->render('login', Array)
#2 C:\xampp\htdocs\waithub\waithub-test1\framework\web\actions\CInlineAction.php(49): AuthController->actionLogin()
#3 C:\xampp\htdocs\waithub\waithub-test1\framework\web\CController.php(308): CInlineAction->runWithParams(Array)
#4 C:\xampp\htdocs\waithub\waithub-test1\framework\web\CController.php(286): CController->runAction(Object(CInlineAction))
#5 C:\xampp\htdocs\waithub\waithub-test1\framework\web\CController.php(265): CController->runActionWithFilters(Object(CInlineAction), Array)
#6 C:\xampp\htdocs\waithub\waithub-test1\framework\web\CWebApplication.php(282): CController->run('login')
#7 C:\xampp\htdocs\waithub\waithub-test1\framework\web\CWebApplication.php(141): CWebApplication->runController('auth/login')
#8 C:\xampp\htdocs\waithub\waithub-test1\framework\base\CApplication.php(185): CWebApplication->processRequest()
#9 C:\xampp\htdocs\waithub\yiiapp\index.php(13): CApplication->run()
#10 {main}
REQUEST_URI=/waithub/yiiapp/index.php/auth/login
---
2024/09/27 04:54:12 [error] [exception.CException] CException: AuthController cannot find the requested view "login". in C:\xampp\htdocs\waithub\waithub-test1\framework\web\CController.php:881
Stack trace:
#0 C:\xampp\htdocs\waithub\waithub-test1\framework\web\CController.php(785): CController->renderPartial('login', Array, true)
#1 C:\xampp\htdocs\waithub\yiiapp\protected\controllers\AuthController.php(30): CController->render('login', Array)
#2 C:\xampp\htdocs\waithub\waithub-test1\framework\web\actions\CInlineAction.php(49): AuthController->actionLogin()
#3 C:\xampp\htdocs\waithub\waithub-test1\framework\web\CController.php(308): CInlineAction->runWithParams(Array)
#4 C:\xampp\htdocs\waithub\waithub-test1\framework\web\CController.php(286): CController->runAction(Object(CInlineAction))
#5 C:\xampp\htdocs\waithub\waithub-test1\framework\web\CController.php(265): CController->runActionWithFilters(Object(CInlineAction), Array)
#6 C:\xampp\htdocs\waithub\waithub-test1\framework\web\CWebApplication.php(282): CController->run('login')
#7 C:\xampp\htdocs\waithub\waithub-test1\framework\web\CWebApplication.php(141): CWebApplication->runController('auth/login')
#8 C:\xampp\htdocs\waithub\waithub-test1\framework\base\CApplication.php(185): CWebApplication->processRequest()
#9 C:\xampp\htdocs\waithub\yiiapp\index.php(13): CApplication->run()
#10 {main}
REQUEST_URI=/waithub/yiiapp/index.php/auth/login
---
2024/09/27 04:54:43 [error] [exception.CException] CException: AuthController cannot find the requested view "login". in C:\xampp\htdocs\waithub\waithub-test1\framework\web\CController.php:881
Stack trace:
#0 C:\xampp\htdocs\waithub\waithub-test1\framework\web\CController.php(785): CController->renderPartial('login', Array, true)
#1 C:\xampp\htdocs\waithub\yiiapp\protected\controllers\AuthController.php(30): CController->render('login', Array)
#2 C:\xampp\htdocs\waithub\waithub-test1\framework\web\actions\CInlineAction.php(49): AuthController->actionLogin()
#3 C:\xampp\htdocs\waithub\waithub-test1\framework\web\CController.php(308): CInlineAction->runWithParams(Array)
#4 C:\xampp\htdocs\waithub\waithub-test1\framework\web\CController.php(286): CController->runAction(Object(CInlineAction))
#5 C:\xampp\htdocs\waithub\waithub-test1\framework\web\CController.php(265): CController->runActionWithFilters(Object(CInlineAction), Array)
#6 C:\xampp\htdocs\waithub\waithub-test1\framework\web\CWebApplication.php(282): CController->run('login')
#7 C:\xampp\htdocs\waithub\waithub-test1\framework\web\CWebApplication.php(141): CWebApplication->runController('auth/login')
#8 C:\xampp\htdocs\waithub\waithub-test1\framework\base\CApplication.php(185): CWebApplication->processRequest()
#9 C:\xampp\htdocs\waithub\yiiapp\index.php(13): CApplication->run()
#10 {main}
REQUEST_URI=/waithub/yiiapp/index.php/auth/login
---
2024/09/27 04:55:55 [error] [exception.CException] CException: AuthController cannot find the requested view "login". in C:\xampp\htdocs\waithub\waithub-test1\framework\web\CController.php:881
Stack trace:
#0 C:\xampp\htdocs\waithub\waithub-test1\framework\web\CController.php(785): CController->renderPartial('login', Array, true)
#1 C:\xampp\htdocs\waithub\yiiapp\protected\controllers\AuthController.php(30): CController->render('login', Array)
#2 C:\xampp\htdocs\waithub\waithub-test1\framework\web\actions\CInlineAction.php(49): AuthController->actionLogin()
#3 C:\xampp\htdocs\waithub\waithub-test1\framework\web\CController.php(308): CInlineAction->runWithParams(Array)
#4 C:\xampp\htdocs\waithub\waithub-test1\framework\web\CController.php(286): CController->runAction(Object(CInlineAction))
#5 C:\xampp\htdocs\waithub\waithub-test1\framework\web\CController.php(265): CController->runActionWithFilters(Object(CInlineAction), Array)
#6 C:\xampp\htdocs\waithub\waithub-test1\framework\web\CWebApplication.php(282): CController->run('login')
#7 C:\xampp\htdocs\waithub\waithub-test1\framework\web\CWebApplication.php(141): CWebApplication->runController('auth/login')
#8 C:\xampp\htdocs\waithub\waithub-test1\framework\base\CApplication.php(185): CWebApplication->processRequest()
#9 C:\xampp\htdocs\waithub\yiiapp\index.php(13): CApplication->run()
#10 {main}
REQUEST_URI=/waithub/yiiapp/index.php/auth/login
---
2024/09/27 04:55:55 [error] [exception.CException] CException: AuthController cannot find the requested view "login". in C:\xampp\htdocs\waithub\waithub-test1\framework\web\CController.php:881
Stack trace:
#0 C:\xampp\htdocs\waithub\waithub-test1\framework\web\CController.php(785): CController->renderPartial('login', Array, true)
#1 C:\xampp\htdocs\waithub\yiiapp\protected\controllers\AuthController.php(30): CController->render('login', Array)
#2 C:\xampp\htdocs\waithub\waithub-test1\framework\web\actions\CInlineAction.php(49): AuthController->actionLogin()
#3 C:\xampp\htdocs\waithub\waithub-test1\framework\web\CController.php(308): CInlineAction->runWithParams(Array)
#4 C:\xampp\htdocs\waithub\waithub-test1\framework\web\CController.php(286): CController->runAction(Object(CInlineAction))
#5 C:\xampp\htdocs\waithub\waithub-test1\framework\web\CController.php(265): CController->runActionWithFilters(Object(CInlineAction), Array)
#6 C:\xampp\htdocs\waithub\waithub-test1\framework\web\CWebApplication.php(282): CController->run('login')
#7 C:\xampp\htdocs\waithub\waithub-test1\framework\web\CWebApplication.php(141): CWebApplication->runController('auth/login')
#8 C:\xampp\htdocs\waithub\waithub-test1\framework\base\CApplication.php(185): CWebApplication->processRequest()
#9 C:\xampp\htdocs\waithub\yiiapp\index.php(13): CApplication->run()
#10 {main}
REQUEST_URI=/waithub/yiiapp/index.php/auth/login
---
2024/09/27 04:55:56 [error] [exception.CException] CException: AuthController cannot find the requested view "login". in C:\xampp\htdocs\waithub\waithub-test1\framework\web\CController.php:881
Stack trace:
#0 C:\xampp\htdocs\waithub\waithub-test1\framework\web\CController.php(785): CController->renderPartial('login', Array, true)
#1 C:\xampp\htdocs\waithub\yiiapp\protected\controllers\AuthController.php(30): CController->render('login', Array)
#2 C:\xampp\htdocs\waithub\waithub-test1\framework\web\actions\CInlineAction.php(49): AuthController->actionLogin()
#3 C:\xampp\htdocs\waithub\waithub-test1\framework\web\CController.php(308): CInlineAction->runWithParams(Array)
#4 C:\xampp\htdocs\waithub\waithub-test1\framework\web\CController.php(286): CController->runAction(Object(CInlineAction))
#5 C:\xampp\htdocs\waithub\waithub-test1\framework\web\CController.php(265): CController->runActionWithFilters(Object(CInlineAction), Array)
#6 C:\xampp\htdocs\waithub\waithub-test1\framework\web\CWebApplication.php(282): CController->run('login')
#7 C:\xampp\htdocs\waithub\waithub-test1\framework\web\CWebApplication.php(141): CWebApplication->runController('auth/login')
#8 C:\xampp\htdocs\waithub\waithub-test1\framework\base\CApplication.php(185): CWebApplication->processRequest()
#9 C:\xampp\htdocs\waithub\yiiapp\index.php(13): CApplication->run()
#10 {main}
REQUEST_URI=/waithub/yiiapp/index.php/auth/login
---
2024/09/27 04:55:57 [error] [exception.CException] CException: AuthController cannot find the requested view "login". in C:\xampp\htdocs\waithub\waithub-test1\framework\web\CController.php:881
Stack trace:
#0 C:\xampp\htdocs\waithub\waithub-test1\framework\web\CController.php(785): CController->renderPartial('login', Array, true)
#1 C:\xampp\htdocs\waithub\yiiapp\protected\controllers\AuthController.php(30): CController->render('login', Array)
#2 C:\xampp\htdocs\waithub\waithub-test1\framework\web\actions\CInlineAction.php(49): AuthController->actionLogin()
#3 C:\xampp\htdocs\waithub\waithub-test1\framework\web\CController.php(308): CInlineAction->runWithParams(Array)
#4 C:\xampp\htdocs\waithub\waithub-test1\framework\web\CController.php(286): CController->runAction(Object(CInlineAction))
#5 C:\xampp\htdocs\waithub\waithub-test1\framework\web\CController.php(265): CController->runActionWithFilters(Object(CInlineAction), Array)
#6 C:\xampp\htdocs\waithub\waithub-test1\framework\web\CWebApplication.php(282): CController->run('login')
#7 C:\xampp\htdocs\waithub\waithub-test1\framework\web\CWebApplication.php(141): CWebApplication->runController('auth/login')
#8 C:\xampp\htdocs\waithub\waithub-test1\framework\base\CApplication.php(185): CWebApplication->processRequest()
#9 C:\xampp\htdocs\waithub\yiiapp\index.php(13): CApplication->run()
#10 {main}
REQUEST_URI=/waithub/yiiapp/index.php/auth/login
---
2024/09/27 04:56:10 [error] [exception.CException] CException: AuthController cannot find the requested view "register". in C:\xampp\htdocs\waithub\waithub-test1\framework\web\CController.php:881
Stack trace:
#0 C:\xampp\htdocs\waithub\waithub-test1\framework\web\CController.php(785): CController->renderPartial('register', Array, true)
#1 C:\xampp\htdocs\waithub\yiiapp\protected\controllers\AuthController.php(15): CController->render('register', Array)
#2 C:\xampp\htdocs\waithub\waithub-test1\framework\web\actions\CInlineAction.php(49): AuthController->actionRegister()
#3 C:\xampp\htdocs\waithub\waithub-test1\framework\web\CController.php(308): CInlineAction->runWithParams(Array)
#4 C:\xampp\htdocs\waithub\waithub-test1\framework\web\CController.php(286): CController->runAction(Object(CInlineAction))
#5 C:\xampp\htdocs\waithub\waithub-test1\framework\web\CController.php(265): CController->runActionWithFilters(Object(CInlineAction), Array)
#6 C:\xampp\htdocs\waithub\waithub-test1\framework\web\CWebApplication.php(282): CController->run('register')
#7 C:\xampp\htdocs\waithub\waithub-test1\framework\web\CWebApplication.php(141): CWebApplication->runController('auth/register')
#8 C:\xampp\htdocs\waithub\waithub-test1\framework\base\CApplication.php(185): CWebApplication->processRequest()
#9 C:\xampp\htdocs\waithub\yiiapp\index.php(13): CApplication->run()
#10 {main}
REQUEST_URI=/waithub/yiiapp/index.php/auth/register
---
2024/09/27 04:56:17 [error] [exception.CException] CException: AuthController cannot find the requested view "auth/register". in C:\xampp\htdocs\waithub\waithub-test1\framework\web\CController.php:881
Stack trace:
#0 C:\xampp\htdocs\waithub\waithub-test1\framework\web\CController.php(785): CController->renderPartial('auth/register', Array, true)
#1 C:\xampp\htdocs\waithub\yiiapp\protected\controllers\AuthController.php(15): CController->render('auth/register', Array)
#2 C:\xampp\htdocs\waithub\waithub-test1\framework\web\actions\CInlineAction.php(49): AuthController->actionRegister()
#3 C:\xampp\htdocs\waithub\waithub-test1\framework\web\CController.php(308): CInlineAction->runWithParams(Array)
#4 C:\xampp\htdocs\waithub\waithub-test1\framework\web\CController.php(286): CController->runAction(Object(CInlineAction))
#5 C:\xampp\htdocs\waithub\waithub-test1\framework\web\CController.php(265): CController->runActionWithFilters(Object(CInlineAction), Array)
#6 C:\xampp\htdocs\waithub\waithub-test1\framework\web\CWebApplication.php(282): CController->run('register')
#7 C:\xampp\htdocs\waithub\waithub-test1\framework\web\CWebApplication.php(141): CWebApplication->runController('auth/register')
#8 C:\xampp\htdocs\waithub\waithub-test1\framework\base\CApplication.php(185): CWebApplication->processRequest()
#9 C:\xampp\htdocs\waithub\yiiapp\index.php(13): CApplication->run()
#10 {main}
REQUEST_URI=/waithub/yiiapp/index.php/auth/register
---
2024/09/27 05:03:17 [error] [exception.CException] CException: AuthController cannot find the requested view "site/login". in C:\xampp\htdocs\waithub\waithub-test1\framework\web\CController.php:881
Stack trace:
#0 C:\xampp\htdocs\waithub\waithub-test1\framework\web\CController.php(785): CController->renderPartial('site/login', Array, true)
#1 C:\xampp\htdocs\waithub\yiiapp\protected\controllers\AuthController.php(30): CController->render('site/login', Array)
#2 C:\xampp\htdocs\waithub\waithub-test1\framework\web\actions\CInlineAction.php(49): AuthController->actionLogin()
#3 C:\xampp\htdocs\waithub\waithub-test1\framework\web\CController.php(308): CInlineAction->runWithParams(Array)
#4 C:\xampp\htdocs\waithub\waithub-test1\framework\web\CController.php(286): CController->runAction(Object(CInlineAction))
#5 C:\xampp\htdocs\waithub\waithub-test1\framework\web\CController.php(265): CController->runActionWithFilters(Object(CInlineAction), Array)
#6 C:\xampp\htdocs\waithub\waithub-test1\framework\web\CWebApplication.php(282): CController->run('login')
#7 C:\xampp\htdocs\waithub\waithub-test1\framework\web\CWebApplication.php(141): CWebApplication->runController('auth/login')
#8 C:\xampp\htdocs\waithub\waithub-test1\framework\base\CApplication.php(185): CWebApplication->processRequest()
#9 C:\xampp\htdocs\waithub\yiiapp\index.php(13): CApplication->run()
#10 {main}
REQUEST_URI=/waithub/yiiapp/index.php/auth/login
---
2024/09/27 05:05:06 [error] [exception.CException] CException: User and its behaviors do not have a method or closure named "all". in C:\xampp\htdocs\waithub\waithub-test1\framework\base\CComponent.php:264
Stack trace:
#0 C:\xampp\htdocs\waithub\waithub-test1\framework\db\ar\CActiveRecord.php(229): CComponent->__call('all', Array)
#1 C:\xampp\htdocs\waithub\yiiapp\protected\controllers\AuthController.php(24): CActiveRecord->__call('all', Array)
#2 C:\xampp\htdocs\waithub\waithub-test1\framework\web\actions\CInlineAction.php(49): AuthController->actionLogin()
#3 C:\xampp\htdocs\waithub\waithub-test1\framework\web\CController.php(308): CInlineAction->runWithParams(Array)
#4 C:\xampp\htdocs\waithub\waithub-test1\framework\web\CController.php(286): CController->runAction(Object(CInlineAction))
#5 C:\xampp\htdocs\waithub\waithub-test1\framework\web\CController.php(265): CController->runActionWithFilters(Object(CInlineAction), Array)
#6 C:\xampp\htdocs\waithub\waithub-test1\framework\web\CWebApplication.php(282): CController->run('login')
#7 C:\xampp\htdocs\waithub\waithub-test1\framework\web\CWebApplication.php(141): CWebApplication->runController('auth/login')
#8 C:\xampp\htdocs\waithub\waithub-test1\framework\base\CApplication.php(185): CWebApplication->processRequest()
#9 C:\xampp\htdocs\waithub\yiiapp\index.php(13): CApplication->run()
#10 {main}
REQUEST_URI=/waithub/yiiapp/index.php/auth/login
HTTP_REFERER=http://localhost/waithub/yiiapp/index.php/auth/login
---
2024/09/27 05:05:22 [error] [exception.CException] CException: User and its behaviors do not have a method or closure named "all". in C:\xampp\htdocs\waithub\waithub-test1\framework\base\CComponent.php:264
Stack trace:
#0 C:\xampp\htdocs\waithub\waithub-test1\framework\db\ar\CActiveRecord.php(229): CComponent->__call('all', Array)
#1 C:\xampp\htdocs\waithub\yiiapp\protected\controllers\AuthController.php(24): CActiveRecord->__call('all', Array)
#2 C:\xampp\htdocs\waithub\waithub-test1\framework\web\actions\CInlineAction.php(49): AuthController->actionLogin()
#3 C:\xampp\htdocs\waithub\waithub-test1\framework\web\CController.php(308): CInlineAction->runWithParams(Array)
#4 C:\xampp\htdocs\waithub\waithub-test1\framework\web\CController.php(286): CController->runAction(Object(CInlineAction))
#5 C:\xampp\htdocs\waithub\waithub-test1\framework\web\CController.php(265): CController->runActionWithFilters(Object(CInlineAction), Array)
#6 C:\xampp\htdocs\waithub\waithub-test1\framework\web\CWebApplication.php(282): CController->run('login')
#7 C:\xampp\htdocs\waithub\waithub-test1\framework\web\CWebApplication.php(141): CWebApplication->runController('auth/login')
#8 C:\xampp\htdocs\waithub\waithub-test1\framework\base\CApplication.php(185): CWebApplication->processRequest()
#9 C:\xampp\htdocs\waithub\yiiapp\index.php(13): CApplication->run()
#10 {main}
REQUEST_URI=/waithub/yiiapp/index.php/auth/login
HTTP_REFERER=http://localhost/waithub/yiiapp/index.php/auth/login
---
2024/09/27 05:05:30 [error] [exception.CException] CException: User and its behaviors do not have a method or closure named "all". in C:\xampp\htdocs\waithub\waithub-test1\framework\base\CComponent.php:264
Stack trace:
#0 C:\xampp\htdocs\waithub\waithub-test1\framework\db\ar\CActiveRecord.php(229): CComponent->__call('all', Array)
#1 C:\xampp\htdocs\waithub\yiiapp\protected\controllers\AuthController.php(24): CActiveRecord->__call('all', Array)
#2 C:\xampp\htdocs\waithub\waithub-test1\framework\web\actions\CInlineAction.php(49): AuthController->actionLogin()
#3 C:\xampp\htdocs\waithub\waithub-test1\framework\web\CController.php(308): CInlineAction->runWithParams(Array)
#4 C:\xampp\htdocs\waithub\waithub-test1\framework\web\CController.php(286): CController->runAction(Object(CInlineAction))
#5 C:\xampp\htdocs\waithub\waithub-test1\framework\web\CController.php(265): CController->runActionWithFilters(Object(CInlineAction), Array)
#6 C:\xampp\htdocs\waithub\waithub-test1\framework\web\CWebApplication.php(282): CController->run('login')
#7 C:\xampp\htdocs\waithub\waithub-test1\framework\web\CWebApplication.php(141): CWebApplication->runController('auth/login')
#8 C:\xampp\htdocs\waithub\waithub-test1\framework\base\CApplication.php(185): CWebApplication->processRequest()
#9 C:\xampp\htdocs\waithub\yiiapp\index.php(13): CApplication->run()
#10 {main}
REQUEST_URI=/waithub/yiiapp/index.php/auth/login
HTTP_REFERER=http://localhost/waithub/yiiapp/index.php/auth/login
---
2024/09/27 05:05:50 [error] [exception.CException] CException: User and its behaviors do not have a method or closure named "all". in C:\xampp\htdocs\waithub\waithub-test1\framework\base\CComponent.php:264
Stack trace:
#0 C:\xampp\htdocs\waithub\waithub-test1\framework\db\ar\CActiveRecord.php(229): CComponent->__call('all', Array)
#1 C:\xampp\htdocs\waithub\yiiapp\protected\controllers\AuthController.php(24): CActiveRecord->__call('all', Array)
#2 C:\xampp\htdocs\waithub\waithub-test1\framework\web\actions\CInlineAction.php(49): AuthController->actionLogin()
#3 C:\xampp\htdocs\waithub\waithub-test1\framework\web\CController.php(308): CInlineAction->runWithParams(Array)
#4 C:\xampp\htdocs\waithub\waithub-test1\framework\web\CController.php(286): CController->runAction(Object(CInlineAction))
#5 C:\xampp\htdocs\waithub\waithub-test1\framework\web\CController.php(265): CController->runActionWithFilters(Object(CInlineAction), Array)
#6 C:\xampp\htdocs\waithub\waithub-test1\framework\web\CWebApplication.php(282): CController->run('login')
#7 C:\xampp\htdocs\waithub\waithub-test1\framework\web\CWebApplication.php(141): CWebApplication->runController('auth/login')
#8 C:\xampp\htdocs\waithub\waithub-test1\framework\base\CApplication.php(185): CWebApplication->processRequest()
#9 C:\xampp\htdocs\waithub\yiiapp\index.php(13): CApplication->run()
#10 {main}
REQUEST_URI=/waithub/yiiapp/index.php/auth/login
HTTP_REFERER=http://localhost/waithub/yiiapp/index.php/auth/login
---
